TN:
SF:/Users/gildasawesso/Perso/Projects/Clients/Djondoe/vision/src/vision-angular/src/polyfills.ts
FNF:0
FNH:0
LF:0
LH:0
BRF:0
BRH:0
end_of_record
TN:
SF:/Users/gildasawesso/Perso/Projects/Clients/Djondoe/vision/src/vision-angular/src/test.ts
FNF:0
FNH:0
DA:13,1
DA:18,1
DA:20,1
LF:3
LH:3
BRF:0
BRH:0
end_of_record
TN:
SF:/Users/gildasawesso/Perso/Projects/Clients/Djondoe/vision/src/vision-angular/src/app/app.component.ts
FN:3,(anonymous_0)
FNF:1
FNH:1
FNDA:3,(anonymous_0)
DA:8,1
DA:9,3
LF:2
LH:2
BRF:0
BRH:0
end_of_record
TN:
SF:/Users/gildasawesso/Perso/Projects/Clients/Djondoe/vision/src/vision-angular/src/app/login/signin/signin.component.ts
FN:10,(anonymous_0)
FN:12,(anonymous_1)
FNF:2
FNH:2
FNDA:1,(anonymous_0)
FNDA:1,(anonymous_1)
DA:8,1
LF:1
LH:1
BRF:0
BRH:0
end_of_record
TN:
SF:/Users/gildasawesso/Perso/Projects/Clients/Djondoe/vision/src/vision-angular/src/app/login/signup/signup.component.ts
FN:10,(anonymous_0)
FN:12,(anonymous_1)
FNF:2
FNH:2
FNDA:1,(anonymous_0)
FNDA:1,(anonymous_1)
DA:8,1
LF:1
LH:1
BRF:0
BRH:0
end_of_record
